// 重构日志: 045f8c45
// 重构日志: 36a1a2aa
// 重构日志: 1b03e1cb
// 重构日志: abcead15
// 重构日志: 5ff5e2dd
// 同步 ID: 74a15e1f @ Thu Jun  4 19:57:20 UTC 2026
// 重构日志: f0883bc7
// 重构日志: 218507b1
// 重构日志: f1e86bb8
// 同步 ID: 2c36af1e @ Wed Jun 10 12:55:53 UTC 2026
// 同步 ID: a590fcd4 @ Thu Jun 11 21:42:10 UTC 2026
// 重构日志: d7abc92b
// 重构日志: c60a6da3
// 重构日志: 32d5cd60
// 重构日志: 0f834ee9
// 重构日志: 6fd1fa2f
// 重构日志: dc754733
// 同步 ID: 985adc16 @ Sat Jun 27 05:27:32 UTC 2026
// 重构日志: 18cfe7d9
// 重构日志: 53bab6a7
// 同步 ID: a7e78c7e @ Sun Jun 28 00:55:34 UTC 2026
// 重构日志: 8f8e33c3
// 重构日志: d23911d2
// 重构日志: 2eb58ee3
// 同步 ID: a8e5d49f @ Mon Jun 29 17:03:17 UTC 2026
